<?xml version="1.0" encoding="UTF-8"?>
<testng-results skipped="0" failed="0" ignored="0" total="2" passed="2">
  <reporter-output>
  </reporter-output>
  <suite name="Suite" duration-ms="23599" started-at="2017-01-10T09:09:52Z" finished-at="2017-01-10T09:10:16Z">
    <groups>
    </groups>
    <test name="Test" duration-ms="23599" started-at="2017-01-10T09:09:52Z" finished-at="2017-01-10T09:10:16Z">
      <class name="tests.NewTest">
        <test-method status="PASS" signature="beforeTest()[pri:0, instance:tests.NewTest@2ed94a8b]" name="beforeTest" is-config="true" duration-ms="16" started-at="2017-01-10T16:09:52Z" finished-at="2017-01-10T16:09:52Z">
          <reporter-output>
          </reporter-output>
        </test-method> <!-- beforeTest -->
        <test-method status="PASS" signature="f()[pri:0, instance:tests.NewTest@2ed94a8b]" name="f" duration-ms="1" started-at="2017-01-10T16:09:52Z" finished-at="2017-01-10T16:09:52Z">
          <reporter-output>
          </reporter-output>
        </test-method> <!-- f -->
        <test-method status="PASS" signature="testEasy()[pri:0, instance:tests.NewTest@2ed94a8b]" name="testEasy" duration-ms="23557" started-at="2017-01-10T16:09:52Z" finished-at="2017-01-10T16:10:16Z">
          <reporter-output>
          </reporter-output>
        </test-method> <!-- testEasy -->
        <test-method status="PASS" signature="afterTest()[pri:0, instance:tests.NewTest@2ed94a8b]" name="afterTest" is-config="true" duration-ms="0" started-at="2017-01-10T16:10:16Z" finished-at="2017-01-10T16:10:16Z">
          <reporter-output>
          </reporter-output>
        </test-method> <!-- afterTest -->
      </class> <!-- tests.NewTest -->
    </test> <!-- Test -->
  </suite> <!-- Suite -->
</testng-results>
